[2025-06-09T07:31:32.577Z] --------------------------------------------------
[2025-06-09T07:31:32.578Z] Khởi động News Crawler Daemon (PID: 19810)
[2025-06-09T07:31:32.578Z] Khoảng thời gian: 30 giây
[2025-06-09T07:31:32.579Z] Log file: /Users/vudinhloi/Downloads/projects/vsmi-backend/crawler-daemon.log
[2025-06-09T07:31:32.579Z] PID file: /Users/vudinhloi/Downloads/projects/vsmi-backend/crawler-daemon.pid
[2025-06-09T07:31:32.579Z] --------------------------------------------------
[2025-06-09T07:31:32.579Z] Bắt đầu crawl theo lịch trình...
[2025-06-09T07:31:32.579Z] Đang crawl tin thị trường chứng khoán...
[2025-06-09T07:31:36.016Z] Hoàn thành crawl lần này
[2025-06-09T07:32:02.618Z] Bắt đầu crawl theo lịch trình...
[2025-06-09T07:32:02.622Z] Đang crawl tin thị trường chứng khoán...
[2025-06-09T07:32:02.853Z] Hoàn thành crawl lần này
[2025-06-09T07:32:32.619Z] Bắt đầu crawl theo lịch trình...
[2025-06-09T07:32:32.622Z] Đang crawl tin thị trường chứng khoán...
[2025-06-09T07:32:32.814Z] Hoàn thành crawl lần này
[2025-06-09T07:33:02.621Z] Bắt đầu crawl theo lịch trình...
[2025-06-09T07:33:02.623Z] Đang crawl tin thị trường chứng khoán...
[2025-06-09T07:33:02.914Z] Hoàn thành crawl lần này
[2025-06-09T07:33:32.624Z] Bắt đầu crawl theo lịch trình...
[2025-06-09T07:33:32.636Z] Đang crawl tin thị trường chứng khoán...
[2025-06-09T07:33:32.872Z] Hoàn thành crawl lần này
[2025-06-09T07:34:02.625Z] Bắt đầu crawl theo lịch trình...
[2025-06-09T07:34:02.632Z] Đang crawl tin thị trường chứng khoán...
[2025-06-09T07:34:02.896Z] Hoàn thành crawl lần này
[2025-06-09T07:34:32.625Z] Bắt đầu crawl theo lịch trình...
[2025-06-09T07:34:32.626Z] Đang crawl tin thị trường chứng khoán...
[2025-06-09T07:34:32.855Z] Hoàn thành crawl lần này
[2025-06-09T07:35:02.629Z] Bắt đầu crawl theo lịch trình...
[2025-06-09T07:35:02.631Z] Đang crawl tin thị trường chứng khoán...
[2025-06-09T07:35:02.828Z] Hoàn thành crawl lần này
[2025-06-09T07:35:32.632Z] Bắt đầu crawl theo lịch trình...
[2025-06-09T07:35:32.635Z] Đang crawl tin thị trường chứng khoán...
[2025-06-09T07:35:32.838Z] Hoàn thành crawl lần này
[2025-06-09T07:36:02.633Z] Bắt đầu crawl theo lịch trình...
[2025-06-09T07:36:02.639Z] Đang crawl tin thị trường chứng khoán...
[2025-06-09T07:36:02.925Z] Hoàn thành crawl lần này
[2025-06-09T07:36:32.635Z] Bắt đầu crawl theo lịch trình...
[2025-06-09T07:36:32.638Z] Đang crawl tin thị trường chứng khoán...
[2025-06-09T07:36:32.833Z] Hoàn thành crawl lần này
[2025-06-09T07:37:02.652Z] Bắt đầu crawl theo lịch trình...
[2025-06-09T07:37:02.655Z] Đang crawl tin thị trường chứng khoán...
[2025-06-09T07:37:02.872Z] Hoàn thành crawl lần này
[2025-06-09T07:37:32.651Z] Bắt đầu crawl theo lịch trình...
[2025-06-09T07:37:32.656Z] Đang crawl tin thị trường chứng khoán...
[2025-06-09T07:37:32.853Z] Hoàn thành crawl lần này
[2025-06-09T07:38:02.651Z] Bắt đầu crawl theo lịch trình...
[2025-06-09T07:38:02.654Z] Đang crawl tin thị trường chứng khoán...
[2025-06-09T07:38:02.905Z] Hoàn thành crawl lần này
[2025-06-09T07:38:32.654Z] Bắt đầu crawl theo lịch trình...
[2025-06-09T07:38:32.656Z] Đang crawl tin thị trường chứng khoán...
[2025-06-09T07:38:32.837Z] Hoàn thành crawl lần này
[2025-06-09T07:39:02.656Z] Bắt đầu crawl theo lịch trình...
[2025-06-09T07:39:02.660Z] Đang crawl tin thị trường chứng khoán...
[2025-06-09T07:39:02.856Z] Hoàn thành crawl lần này
[2025-06-09T07:39:32.658Z] Bắt đầu crawl theo lịch trình...
[2025-06-09T07:39:32.663Z] Đang crawl tin thị trường chứng khoán...
[2025-06-09T07:39:32.870Z] Hoàn thành crawl lần này
[2025-06-09T07:40:02.660Z] Bắt đầu crawl theo lịch trình...
[2025-06-09T07:40:02.666Z] Đang crawl tin thị trường chứng khoán...
[2025-06-09T07:40:02.872Z] Hoàn thành crawl lần này
[2025-06-09T07:40:32.662Z] Bắt đầu crawl theo lịch trình...
[2025-06-09T07:40:32.677Z] Đang crawl tin thị trường chứng khoán...
[2025-06-09T07:40:32.911Z] Hoàn thành crawl lần này
[2025-06-09T07:41:02.663Z] Bắt đầu crawl theo lịch trình...
[2025-06-09T07:41:02.665Z] Đang crawl tin thị trường chứng khoán...
[2025-06-09T07:41:02.845Z] Hoàn thành crawl lần này
[2025-06-09T07:41:32.666Z] Bắt đầu crawl theo lịch trình...
[2025-06-09T07:41:32.667Z] Đang crawl tin thị trường chứng khoán...
[2025-06-09T07:41:32.824Z] Hoàn thành crawl lần này
[2025-06-09T07:42:02.668Z] Bắt đầu crawl theo lịch trình...
[2025-06-09T07:42:02.677Z] Đang crawl tin thị trường chứng khoán...
[2025-06-09T07:42:02.842Z] Hoàn thành crawl lần này
[2025-06-09T07:42:32.669Z] Bắt đầu crawl theo lịch trình...
[2025-06-09T07:42:32.671Z] Đang crawl tin thị trường chứng khoán...
[2025-06-09T07:42:32.899Z] Hoàn thành crawl lần này
[2025-06-09T07:43:02.672Z] Bắt đầu crawl theo lịch trình...
[2025-06-09T07:43:02.675Z] Đang crawl tin thị trường chứng khoán...
[2025-06-09T07:43:02.869Z] Hoàn thành crawl lần này
[2025-06-09T07:43:32.662Z] Bắt đầu crawl theo lịch trình...
[2025-06-09T07:43:32.664Z] Đang crawl tin thị trường chứng khoán...
[2025-06-09T07:43:32.888Z] Hoàn thành crawl lần này
[2025-06-09T07:44:02.648Z] Bắt đầu crawl theo lịch trình...
[2025-06-09T07:44:02.649Z] Đang crawl tin thị trường chứng khoán...
[2025-06-09T07:44:02.859Z] Hoàn thành crawl lần này
[2025-06-09T07:44:32.649Z] Bắt đầu crawl theo lịch trình...
[2025-06-09T07:44:32.651Z] Đang crawl tin thị trường chứng khoán...
[2025-06-09T07:44:32.896Z] Hoàn thành crawl lần này
[2025-06-09T07:45:02.651Z] Bắt đầu crawl theo lịch trình...
[2025-06-09T07:45:02.655Z] Đang crawl tin thị trường chứng khoán...
[2025-06-09T07:45:02.885Z] Hoàn thành crawl lần này
[2025-06-09T07:45:32.653Z] Bắt đầu crawl theo lịch trình...
[2025-06-09T07:45:32.671Z] Đang crawl tin thị trường chứng khoán...
[2025-06-09T07:45:32.890Z] Hoàn thành crawl lần này
[2025-06-09T07:46:02.655Z] Bắt đầu crawl theo lịch trình...
[2025-06-09T07:46:02.655Z] Đang crawl tin thị trường chứng khoán...
[2025-06-09T07:46:02.877Z] Hoàn thành crawl lần này
[2025-06-09T07:46:32.657Z] Bắt đầu crawl theo lịch trình...
[2025-06-09T07:46:32.662Z] Đang crawl tin thị trường chứng khoán...
[2025-06-09T07:46:32.925Z] Hoàn thành crawl lần này
[2025-06-09T07:47:02.659Z] Bắt đầu crawl theo lịch trình...
[2025-06-09T07:47:02.664Z] Đang crawl tin thị trường chứng khoán...
[2025-06-09T07:47:02.874Z] Hoàn thành crawl lần này
[2025-06-09T07:47:32.660Z] Bắt đầu crawl theo lịch trình...
[2025-06-09T07:47:32.662Z] Đang crawl tin thị trường chứng khoán...
[2025-06-09T07:47:32.883Z] Hoàn thành crawl lần này
[2025-06-09T07:48:02.663Z] Bắt đầu crawl theo lịch trình...
[2025-06-09T07:48:02.665Z] Đang crawl tin thị trường chứng khoán...
[2025-06-09T07:48:02.895Z] Hoàn thành crawl lần này
[2025-06-09T07:48:32.664Z] Bắt đầu crawl theo lịch trình...
[2025-06-09T07:48:32.666Z] Đang crawl tin thị trường chứng khoán...
[2025-06-09T07:48:32.884Z] Hoàn thành crawl lần này
[2025-06-09T07:49:02.669Z] Bắt đầu crawl theo lịch trình...
[2025-06-09T07:49:02.676Z] Đang crawl tin thị trường chứng khoán...
[2025-06-09T07:49:02.918Z] Hoàn thành crawl lần này
[2025-06-09T07:49:32.670Z] Bắt đầu crawl theo lịch trình...
[2025-06-09T07:49:32.673Z] Đang crawl tin thị trường chứng khoán...
[2025-06-09T07:49:33.003Z] Hoàn thành crawl lần này
[2025-06-09T07:50:02.672Z] Bắt đầu crawl theo lịch trình...
[2025-06-09T07:50:02.673Z] Đang crawl tin thị trường chứng khoán...
[2025-06-09T07:50:02.868Z] Hoàn thành crawl lần này
[2025-06-09T07:50:32.674Z] Bắt đầu crawl theo lịch trình...
[2025-06-09T07:50:32.677Z] Đang crawl tin thị trường chứng khoán...
[2025-06-09T07:50:32.872Z] Hoàn thành crawl lần này
[2025-06-09T07:51:02.676Z] Bắt đầu crawl theo lịch trình...
[2025-06-09T07:51:02.680Z] Đang crawl tin thị trường chứng khoán...
[2025-06-09T07:51:02.891Z] Hoàn thành crawl lần này
[2025-06-09T07:51:32.679Z] Bắt đầu crawl theo lịch trình...
[2025-06-09T07:51:32.681Z] Đang crawl tin thị trường chứng khoán...
[2025-06-09T07:51:32.917Z] Hoàn thành crawl lần này
[2025-06-09T07:52:02.680Z] Bắt đầu crawl theo lịch trình...
[2025-06-09T07:52:02.688Z] Đang crawl tin thị trường chứng khoán...
[2025-06-09T07:52:02.893Z] Hoàn thành crawl lần này
[2025-06-09T07:52:32.681Z] Bắt đầu crawl theo lịch trình...
[2025-06-09T07:52:32.683Z] Đang crawl tin thị trường chứng khoán...
[2025-06-09T07:52:32.927Z] Hoàn thành crawl lần này
[2025-06-09T07:53:02.683Z] Bắt đầu crawl theo lịch trình...
[2025-06-09T07:53:02.684Z] Đang crawl tin thị trường chứng khoán...
[2025-06-09T07:53:02.873Z] Hoàn thành crawl lần này
[2025-06-09T07:53:32.688Z] Bắt đầu crawl theo lịch trình...
[2025-06-09T07:53:32.737Z] Đang crawl tin thị trường chứng khoán...
[2025-06-09T07:53:33.008Z] Hoàn thành crawl lần này
[2025-06-09T07:54:02.690Z] Bắt đầu crawl theo lịch trình...
[2025-06-09T07:54:02.692Z] Đang crawl tin thị trường chứng khoán...
[2025-06-09T07:54:02.895Z] Hoàn thành crawl lần này
[2025-06-09T07:54:32.691Z] Bắt đầu crawl theo lịch trình...
[2025-06-09T07:54:32.693Z] Đang crawl tin thị trường chứng khoán...
[2025-06-09T07:54:32.859Z] Hoàn thành crawl lần này
[2025-06-09T07:55:02.692Z] Bắt đầu crawl theo lịch trình...
[2025-06-09T07:55:02.715Z] Đang crawl tin thị trường chứng khoán...
[2025-06-09T07:55:03.749Z] Hoàn thành crawl lần này
[2025-06-09T07:55:32.694Z] Bắt đầu crawl theo lịch trình...
[2025-06-09T07:55:32.696Z] Đang crawl tin thị trường chứng khoán...
[2025-06-09T07:55:32.904Z] Hoàn thành crawl lần này
[2025-06-09T07:56:02.696Z] Bắt đầu crawl theo lịch trình...
[2025-06-09T07:56:02.703Z] Đang crawl tin thị trường chứng khoán...
[2025-06-09T07:56:02.965Z] Hoàn thành crawl lần này
[2025-06-09T07:56:32.697Z] Bắt đầu crawl theo lịch trình...
[2025-06-09T07:56:32.702Z] Đang crawl tin thị trường chứng khoán...
[2025-06-09T07:56:32.910Z] Hoàn thành crawl lần này
[2025-06-09T07:57:02.699Z] Bắt đầu crawl theo lịch trình...
[2025-06-09T07:57:02.703Z] Đang crawl tin thị trường chứng khoán...
[2025-06-09T07:57:02.971Z] Hoàn thành crawl lần này
[2025-06-09T07:57:32.707Z] Bắt đầu crawl theo lịch trình...
[2025-06-09T07:57:32.714Z] Đang crawl tin thị trường chứng khoán...
[2025-06-09T07:57:32.959Z] Hoàn thành crawl lần này
[2025-06-09T07:58:02.707Z] Bắt đầu crawl theo lịch trình...
[2025-06-09T07:58:02.710Z] Đang crawl tin thị trường chứng khoán...
[2025-06-09T07:58:03.064Z] Hoàn thành crawl lần này
[2025-06-09T07:58:32.710Z] Bắt đầu crawl theo lịch trình...
[2025-06-09T07:58:32.716Z] Đang crawl tin thị trường chứng khoán...
[2025-06-09T07:58:33.037Z] Hoàn thành crawl lần này
[2025-06-09T07:59:02.726Z] Bắt đầu crawl theo lịch trình...
[2025-06-09T07:59:02.813Z] Đang crawl tin thị trường chứng khoán...
[2025-06-09T07:59:03.694Z] Hoàn thành crawl lần này
[2025-06-09T07:59:32.713Z] Bắt đầu crawl theo lịch trình...
[2025-06-09T07:59:32.714Z] Đang crawl tin thị trường chứng khoán...
[2025-06-09T07:59:32.931Z] Hoàn thành crawl lần này
[2025-06-09T08:00:02.715Z] Bắt đầu crawl theo lịch trình...
[2025-06-09T08:00:02.719Z] Đang crawl tin thị trường chứng khoán...
[2025-06-09T08:00:02.971Z] Hoàn thành crawl lần này
[2025-06-09T08:00:32.719Z] Bắt đầu crawl theo lịch trình...
[2025-06-09T08:00:32.722Z] Đang crawl tin thị trường chứng khoán...
[2025-06-09T08:00:32.910Z] Hoàn thành crawl lần này
[2025-06-09T08:01:02.720Z] Bắt đầu crawl theo lịch trình...
[2025-06-09T08:01:02.723Z] Đang crawl tin thị trường chứng khoán...
[2025-06-09T08:01:02.930Z] Hoàn thành crawl lần này
[2025-06-09T08:01:32.723Z] Bắt đầu crawl theo lịch trình...
[2025-06-09T08:01:32.727Z] Đang crawl tin thị trường chứng khoán...
[2025-06-09T08:01:36.514Z] Hoàn thành crawl lần này
[2025-06-09T08:02:02.724Z] Bắt đầu crawl theo lịch trình...
[2025-06-09T08:02:02.729Z] Đang crawl tin thị trường chứng khoán...
[2025-06-09T08:02:02.997Z] Hoàn thành crawl lần này
[2025-06-09T08:02:32.734Z] Bắt đầu crawl theo lịch trình...
[2025-06-09T08:02:32.751Z] Đang crawl tin thị trường chứng khoán...
[2025-06-09T08:02:33.040Z] Hoàn thành crawl lần này
[2025-06-09T08:03:02.736Z] Bắt đầu crawl theo lịch trình...
[2025-06-09T08:03:02.740Z] Đang crawl tin thị trường chứng khoán...
[2025-06-09T08:03:02.927Z] Hoàn thành crawl lần này
[2025-06-09T08:03:32.739Z] Bắt đầu crawl theo lịch trình...
[2025-06-09T08:03:32.743Z] Đang crawl tin thị trường chứng khoán...
[2025-06-09T08:03:32.953Z] Hoàn thành crawl lần này
[2025-06-09T08:04:02.747Z] Bắt đầu crawl theo lịch trình...
[2025-06-09T08:04:02.750Z] Đang crawl tin thị trường chứng khoán...
[2025-06-09T08:04:02.981Z] Hoàn thành crawl lần này
[2025-06-09T08:04:32.747Z] Bắt đầu crawl theo lịch trình...
[2025-06-09T08:04:32.749Z] Đang crawl tin thị trường chứng khoán...
[2025-06-09T08:04:32.987Z] Hoàn thành crawl lần này
[2025-06-09T08:05:02.749Z] Bắt đầu crawl theo lịch trình...
[2025-06-09T08:05:02.753Z] Đang crawl tin thị trường chứng khoán...
[2025-06-09T08:05:02.979Z] Hoàn thành crawl lần này
[2025-06-09T08:05:32.751Z] Bắt đầu crawl theo lịch trình...
[2025-06-09T08:05:32.757Z] Đang crawl tin thị trường chứng khoán...
[2025-06-09T08:05:32.958Z] Hoàn thành crawl lần này
[2025-06-09T08:06:02.753Z] Bắt đầu crawl theo lịch trình...
[2025-06-09T08:06:02.757Z] Đang crawl tin thị trường chứng khoán...
[2025-06-09T08:06:03.159Z] Hoàn thành crawl lần này
[2025-06-09T08:06:32.755Z] Bắt đầu crawl theo lịch trình...
[2025-06-09T08:06:32.758Z] Đang crawl tin thị trường chứng khoán...
[2025-06-09T08:06:32.970Z] Hoàn thành crawl lần này
[2025-06-09T08:07:02.757Z] Bắt đầu crawl theo lịch trình...
[2025-06-09T08:07:02.761Z] Đang crawl tin thị trường chứng khoán...
[2025-06-09T08:07:02.980Z] Hoàn thành crawl lần này
[2025-06-09T08:07:32.760Z] Bắt đầu crawl theo lịch trình...
[2025-06-09T08:07:32.763Z] Đang crawl tin thị trường chứng khoán...
[2025-06-09T08:07:32.952Z] Hoàn thành crawl lần này
[2025-06-09T08:08:02.780Z] Bắt đầu crawl theo lịch trình...
[2025-06-09T08:08:02.783Z] Đang crawl tin thị trường chứng khoán...
[2025-06-09T08:08:03.050Z] Hoàn thành crawl lần này
[2025-06-09T08:08:32.785Z] Bắt đầu crawl theo lịch trình...
[2025-06-09T08:08:32.787Z] Đang crawl tin thị trường chứng khoán...
[2025-06-09T08:08:32.959Z] Hoàn thành crawl lần này
[2025-06-09T08:09:02.786Z] Bắt đầu crawl theo lịch trình...
[2025-06-09T08:09:02.787Z] Đang crawl tin thị trường chứng khoán...
[2025-06-09T08:09:02.987Z] Hoàn thành crawl lần này
[2025-06-09T08:09:32.788Z] Bắt đầu crawl theo lịch trình...
[2025-06-09T08:09:32.791Z] Đang crawl tin thị trường chứng khoán...
[2025-06-09T08:09:33.056Z] Hoàn thành crawl lần này
[2025-06-09T08:10:02.789Z] Bắt đầu crawl theo lịch trình...
[2025-06-09T08:10:02.792Z] Đang crawl tin thị trường chứng khoán...
[2025-06-09T08:10:03.051Z] Hoàn thành crawl lần này
[2025-06-09T08:10:32.792Z] Bắt đầu crawl theo lịch trình...
[2025-06-09T08:10:32.795Z] Đang crawl tin thị trường chứng khoán...
[2025-06-09T08:10:33.064Z] Hoàn thành crawl lần này
[2025-06-09T08:11:02.794Z] Bắt đầu crawl theo lịch trình...
[2025-06-09T08:11:02.799Z] Đang crawl tin thị trường chứng khoán...
[2025-06-09T08:11:03.060Z] Hoàn thành crawl lần này
[2025-06-09T08:11:32.798Z] Bắt đầu crawl theo lịch trình...
[2025-06-09T08:11:32.812Z] Đang crawl tin thị trường chứng khoán...
[2025-06-09T08:11:33.118Z] Hoàn thành crawl lần này
[2025-06-09T08:12:02.801Z] Bắt đầu crawl theo lịch trình...
[2025-06-09T08:12:02.813Z] Đang crawl tin thị trường chứng khoán...
[2025-06-09T08:12:03.111Z] Hoàn thành crawl lần này
[2025-06-09T08:12:32.801Z] Bắt đầu crawl theo lịch trình...
[2025-06-09T08:12:32.805Z] Đang crawl tin thị trường chứng khoán...
[2025-06-09T08:12:33.075Z] Hoàn thành crawl lần này
[2025-06-09T08:13:02.803Z] Bắt đầu crawl theo lịch trình...
[2025-06-09T08:13:02.806Z] Đang crawl tin thị trường chứng khoán...
[2025-06-09T08:13:03.075Z] Hoàn thành crawl lần này
[2025-06-09T08:13:32.804Z] Bắt đầu crawl theo lịch trình...
[2025-06-09T08:13:32.806Z] Đang crawl tin thị trường chứng khoán...
[2025-06-09T08:13:32.989Z] Hoàn thành crawl lần này
[2025-06-09T08:14:02.807Z] Bắt đầu crawl theo lịch trình...
[2025-06-09T08:14:02.816Z] Đang crawl tin thị trường chứng khoán...
[2025-06-09T08:14:03.079Z] Hoàn thành crawl lần này
[2025-06-09T08:14:32.811Z] Bắt đầu crawl theo lịch trình...
[2025-06-09T08:14:32.821Z] Đang crawl tin thị trường chứng khoán...
[2025-06-09T08:14:33.073Z] Hoàn thành crawl lần này
[2025-06-09T08:15:02.811Z] Bắt đầu crawl theo lịch trình...
[2025-06-09T08:15:02.814Z] Đang crawl tin thị trường chứng khoán...
[2025-06-09T08:15:03.009Z] Hoàn thành crawl lần này
[2025-06-09T08:15:32.813Z] Bắt đầu crawl theo lịch trình...
[2025-06-09T08:15:32.816Z] Đang crawl tin thị trường chứng khoán...
[2025-06-09T08:15:33.129Z] Hoàn thành crawl lần này
[2025-06-09T08:16:02.816Z] Bắt đầu crawl theo lịch trình...
[2025-06-09T08:16:02.818Z] Đang crawl tin thị trường chứng khoán...
[2025-06-09T08:16:03.052Z] Hoàn thành crawl lần này
[2025-06-09T08:16:32.823Z] Bắt đầu crawl theo lịch trình...
[2025-06-09T08:16:32.829Z] Đang crawl tin thị trường chứng khoán...
[2025-06-09T08:16:33.021Z] Hoàn thành crawl lần này
[2025-06-09T08:17:02.824Z] Bắt đầu crawl theo lịch trình...
[2025-06-09T08:17:02.826Z] Đang crawl tin thị trường chứng khoán...
[2025-06-09T08:17:03.092Z] Hoàn thành crawl lần này
[2025-06-09T08:17:32.825Z] Bắt đầu crawl theo lịch trình...
[2025-06-09T08:17:32.827Z] Đang crawl tin thị trường chứng khoán...
[2025-06-09T08:17:33.038Z] Hoàn thành crawl lần này
[2025-06-09T08:18:02.826Z] Bắt đầu crawl theo lịch trình...
[2025-06-09T08:18:02.829Z] Đang crawl tin thị trường chứng khoán...
[2025-06-09T08:18:03.132Z] Hoàn thành crawl lần này
[2025-06-09T08:18:32.829Z] Bắt đầu crawl theo lịch trình...
[2025-06-09T08:18:32.833Z] Đang crawl tin thị trường chứng khoán...
[2025-06-09T08:18:33.095Z] Hoàn thành crawl lần này
[2025-06-09T08:19:02.830Z] Bắt đầu crawl theo lịch trình...
[2025-06-09T08:19:02.834Z] Đang crawl tin thị trường chứng khoán...
[2025-06-09T08:19:03.114Z] Hoàn thành crawl lần này
[2025-06-09T08:19:32.831Z] Bắt đầu crawl theo lịch trình...
[2025-06-09T08:19:32.833Z] Đang crawl tin thị trường chứng khoán...
[2025-06-09T08:19:33.101Z] Hoàn thành crawl lần này
[2025-06-09T08:20:02.833Z] Bắt đầu crawl theo lịch trình...
[2025-06-09T08:20:02.837Z] Đang crawl tin thị trường chứng khoán...
[2025-06-09T08:20:03.039Z] Hoàn thành crawl lần này
[2025-06-09T08:20:32.835Z] Bắt đầu crawl theo lịch trình...
[2025-06-09T08:20:32.842Z] Đang crawl tin thị trường chứng khoán...
[2025-06-09T08:20:33.069Z] Hoàn thành crawl lần này
[2025-06-09T08:21:02.840Z] Bắt đầu crawl theo lịch trình...
[2025-06-09T08:21:02.843Z] Đang crawl tin thị trường chứng khoán...
[2025-06-09T08:21:03.121Z] Hoàn thành crawl lần này
[2025-06-09T08:21:32.842Z] Bắt đầu crawl theo lịch trình...
[2025-06-09T08:21:32.843Z] Đang crawl tin thị trường chứng khoán...
[2025-06-09T08:21:33.103Z] Hoàn thành crawl lần này
[2025-06-09T08:22:02.845Z] Bắt đầu crawl theo lịch trình...
[2025-06-09T08:22:02.849Z] Đang crawl tin thị trường chứng khoán...
[2025-06-09T08:22:03.021Z] Hoàn thành crawl lần này
[2025-06-09T08:22:32.847Z] Bắt đầu crawl theo lịch trình...
[2025-06-09T08:22:32.851Z] Đang crawl tin thị trường chứng khoán...
[2025-06-09T08:22:33.062Z] Hoàn thành crawl lần này
[2025-06-09T08:23:02.848Z] Bắt đầu crawl theo lịch trình...
[2025-06-09T08:23:02.850Z] Đang crawl tin thị trường chứng khoán...
[2025-06-09T08:23:03.090Z] Hoàn thành crawl lần này
[2025-06-09T08:23:09.081Z] Đang tắt daemon News Crawler...
